<?xml version="1.0" encoding="UTF-8"?>
<!-- Generated by org.testng.reporters.JUnitReportReporter -->
<testsuite hostname="DESKTOP-F31FRO2" failures="0" tests="3" name="sauceDemoProjectTestClassPOMWithPF.SauceDemoTestClassWithPOMPFTestNG" time="38.478" errors="0" timestamp="2022-04-03T13:18:18 IST" skipped="0">
  <testcase classname="sauceDemoProjectTestClassPOMWithPF.SauceDemoTestClassWithPOMPFTestNG" name="click" time="8.710"/>
  <system-out/>
  <testcase classname="sauceDemoProjectTestClassPOMWithPF.SauceDemoTestClassWithPOMPFTestNG" name="test3" time="5.412"/>
  <system-out>
    <![CDATA[passed]]>
  </system-out>
  <testcase classname="sauceDemoProjectTestClassPOMWithPF.SauceDemoTestClassWithPOMPFTestNG" name="test2" time="24.356"/>
  <system-out/>
</testsuite> <!-- sauceDemoProjectTestClassPOMWithPF.SauceDemoTestClassWithPOMPFTestNG -->
